{"C:\\Users\\USER\\Documents\\AdeyemiCode\\MelaChow-Codebase\\MelaChowApi\\config\\redis.js": {"path":"C:\\Users\\USER\\Documents\\AdeyemiCode\\MelaChow-Codebase\\MelaChowApi\\config\\redis.js","statementMap":{"0":{"start":{"line":3,"column":20},"end":{"line":15,"column":1}},"1":{"start":{"line":7,"column":8},"end":{"line":12,"column":9}},"2":{"start":{"line":10,"column":12},"end":{"line":10,"column":87}},"3":{"start":{"line":11,"column":12},"end":{"line":11,"column":24}},"4":{"start":{"line":13,"column":8},"end":{"line":13,"column":43}},"5":{"start":{"line":19,"column":20},"end":{"line":19,"column":47}},"6":{"start":{"line":19,"column":26},"end":{"line":19,"column":47}},"7":{"start":{"line":21,"column":27},"end":{"line":21,"column":64}},"8":{"start":{"line":22,"column":25},"end":{"line":22,"column":48}},"9":{"start":{"line":23,"column":25},"end":{"line":23,"column":48}},"10":{"start":{"line":26,"column":21},"end":{"line":30,"column":1}},"11":{"start":{"line":32,"column":0},"end":{"line":42,"column":3}},"12":{"start":{"line":33,"column":4},"end":{"line":35,"column":7}},"13":{"start":{"line":34,"column":8},"end":{"line":34,"column":90}},"14":{"start":{"line":36,"column":4},"end":{"line":38,"column":7}},"15":{"start":{"line":37,"column":8},"end":{"line":37,"column":51}},"16":{"start":{"line":39,"column":4},"end":{"line":41,"column":7}},"17":{"start":{"line":40,"column":8},"end":{"line":40,"column":60}},"18":{"start":{"line":48,"column":28},"end":{"line":50,"column":1}},"19":{"start":{"line":49,"column":4},"end":{"line":49,"column":42}},"20":{"start":{"line":57,"column":28},"end":{"line":65,"column":1}},"21":{"start":{"line":58,"column":4},"end":{"line":58,"column":37}},"22":{"start":{"line":58,"column":25},"end":{"line":58,"column":37}},"23":{"start":{"line":59,"column":4},"end":{"line":64,"column":5}},"24":{"start":{"line":60,"column":8},"end":{"line":60,"column":42}},"25":{"start":{"line":62,"column":8},"end":{"line":62,"column":76}},"26":{"start":{"line":63,"column":8},"end":{"line":63,"column":20}},"27":{"start":{"line":74,"column":28},"end":{"line":88,"column":1}},"28":{"start":{"line":75,"column":4},"end":{"line":75,"column":38}},"29":{"start":{"line":75,"column":25},"end":{"line":75,"column":38}},"30":{"start":{"line":76,"column":4},"end":{"line":87,"column":5}},"31":{"start":{"line":77,"column":28},"end":{"line":77,"column":85}},"32":{"start":{"line":78,"column":8},"end":{"line":82,"column":9}},"33":{"start":{"line":79,"column":12},"end":{"line":79,"column":70}},"34":{"start":{"line":81,"column":12},"end":{"line":81,"column":52}},"35":{"start":{"line":83,"column":8},"end":{"line":83,"column":20}},"36":{"start":{"line":85,"column":8},"end":{"line":85,"column":76}},"37":{"start":{"line":86,"column":8},"end":{"line":86,"column":21}},"38":{"start":{"line":93,"column":37},"end":{"line":101,"column":2}},"39":{"start":{"line":98,"column":8},"end":{"line":98,"column":36}},"40":{"start":{"line":98,"column":24},"end":{"line":98,"column":36}},"41":{"start":{"line":99,"column":8},"end":{"line":99,"column":43}},"42":{"start":{"line":103,"column":0},"end":{"line":105,"column":3}},"43":{"start":{"line":104,"column":4},"end":{"line":104,"column":85}},"44":{"start":{"line":107,"column":0},"end":{"line":109,"column":3}},"45":{"start":{"line":108,"column":4},"end":{"line":108,"column":46}}},"fnMap":{"0":{"name":"(anonymous_0)","decl":{"start":{"line":6,"column":4},"end":{"line":6,"column":5}},"loc":{"start":{"line":6,"column":25},"end":{"line":14,"column":5}},"line":6},"1":{"name":"(anonymous_1)","decl":{"start":{"line":19,"column":20},"end":{"line":19,"column":21}},"loc":{"start":{"line":19,"column":26},"end":{"line":19,"column":47}},"line":19},"2":{"name":"(anonymous_2)","decl":{"start":{"line":32,"column":21},"end":{"line":32,"column":22}},"loc":{"start":{"line":32,"column":43},"end":{"line":42,"column":1}},"line":32},"3":{"name":"(anonymous_3)","decl":{"start":{"line":33,"column":23},"end":{"line":33,"column":24}},"loc":{"start":{"line":33,"column":32},"end":{"line":35,"column":5}},"line":33},"4":{"name":"(anonymous_4)","decl":{"start":{"line":36,"column":25},"end":{"line":36,"column":26}},"loc":{"start":{"line":36,"column":31},"end":{"line":38,"column":5}},"line":36},"5":{"name":"(anonymous_5)","decl":{"start":{"line":39,"column":23},"end":{"line":39,"column":24}},"loc":{"start":{"line":39,"column":29},"end":{"line":41,"column":5}},"line":39},"6":{"name":"(anonymous_6)","decl":{"start":{"line":48,"column":28},"end":{"line":48,"column":29}},"loc":{"start":{"line":48,"column":34},"end":{"line":50,"column":1}},"line":48},"7":{"name":"(anonymous_7)","decl":{"start":{"line":57,"column":28},"end":{"line":57,"column":29}},"loc":{"start":{"line":57,"column":43},"end":{"line":65,"column":1}},"line":57},"8":{"name":"(anonymous_8)","decl":{"start":{"line":74,"column":28},"end":{"line":74,"column":29}},"loc":{"start":{"line":74,"column":64},"end":{"line":88,"column":1}},"line":74},"9":{"name":"(anonymous_9)","decl":{"start":{"line":97,"column":4},"end":{"line":97,"column":5}},"loc":{"start":{"line":97,"column":25},"end":{"line":100,"column":5}},"line":97},"10":{"name":"(anonymous_10)","decl":{"start":{"line":103,"column":34},"end":{"line":103,"column":35}},"loc":{"start":{"line":103,"column":43},"end":{"line":105,"column":1}},"line":103},"11":{"name":"(anonymous_11)","decl":{"start":{"line":107,"column":36},"end":{"line":107,"column":37}},"loc":{"start":{"line":107,"column":42},"end":{"line":109,"column":1}},"line":107}},"branchMap":{"0":{"loc":{"start":{"line":7,"column":8},"end":{"line":12,"column":9}},"type":"if","locations":[{"start":{"line":7,"column":8},"end":{"line":12,"column":9}},{"start":{},"end":{}}],"line":7},"1":{"loc":{"start":{"line":34,"column":50},"end":{"line":34,"column":88}},"type":"binary-expr","locations":[{"start":{"line":34,"column":50},"end":{"line":34,"column":61}},{"start":{"line":34,"column":65},"end":{"line":34,"column":73}},{"start":{"line":34,"column":77},"end":{"line":34,"column":88}}],"line":34},"2":{"loc":{"start":{"line":58,"column":4},"end":{"line":58,"column":37}},"type":"if","locations":[{"start":{"line":58,"column":4},"end":{"line":58,"column":37}},{"start":{},"end":{}}],"line":58},"3":{"loc":{"start":{"line":74,"column":47},"end":{"line":74,"column":59}},"type":"default-arg","locations":[{"start":{"line":74,"column":57},"end":{"line":74,"column":59}}],"line":74},"4":{"loc":{"start":{"line":75,"column":4},"end":{"line":75,"column":38}},"type":"if","locations":[{"start":{"line":75,"column":4},"end":{"line":75,"column":38}},{"start":{},"end":{}}],"line":75},"5":{"loc":{"start":{"line":77,"column":28},"end":{"line":77,"column":85}},"type":"cond-expr","locations":[{"start":{"line":77,"column":56},"end":{"line":77,"column":61}},{"start":{"line":77,"column":64},"end":{"line":77,"column":85}}],"line":77},"6":{"loc":{"start":{"line":78,"column":8},"end":{"line":82,"column":9}},"type":"if","locations":[{"start":{"line":78,"column":8},"end":{"line":82,"column":9}},{"start":{"line":80,"column":15},"end":{"line":82,"column":9}}],"line":78},"7":{"loc":{"start":{"line":98,"column":8},"end":{"line":98,"column":36}},"type":"if","locations":[{"start":{"line":98,"column":8},"end":{"line":98,"column":36}},{"start":{},"end":{}}],"line":98},"8":{"loc":{"start":{"line":104,"column":45},"end":{"line":104,"column":83}},"type":"binary-expr","locations":[{"start":{"line":104,"column":45},"end":{"line":104,"column":56}},{"start":{"line":104,"column":60},"end":{"line":104,"column":68}},{"start":{"line":104,"column":72},"end":{"line":104,"column":83}}],"line":104}},"s":{"0":1,"1":0,"2":0,"3":0,"4":0,"5":1,"6":2,"7":1,"8":1,"9":1,"10":1,"11":1,"12":3,"13":0,"14":3,"15":0,"16":3,"17":0,"18":1,"19":0,"20":1,"21":0,"22":0,"23":0,"24":0,"25":0,"26":0,"27":1,"28":0,"29":0,"30":0,"31":0,"32":0,"33":0,"34":0,"35":0,"36":0,"37":0,"38":1,"39":0,"40":0,"41":0,"42":1,"43":0,"44":1,"45":0},"f":{"0":0,"1":2,"2":3,"3":0,"4":0,"5":0,"6":0,"7":0,"8":0,"9":0,"10":0,"11":0},"b":{"0":[0,0],"1":[0,0,0],"2":[0,0],"3":[0],"4":[0,0],"5":[0,0],"6":[0,0],"7":[0,0],"8":[0,0,0]},"inputSourceMap":null,"_coverageSchema":"1a1c01bbd47fc00a2c39e90264f33305004495a9","hash":"829aae58c23ca3567dda640d1d869126f7050676"}
,"C:\\Users\\USER\\Documents\\AdeyemiCode\\MelaChow-Codebase\\MelaChowApi\\middleware\\auth.middleware.js": {"path":"C:\\Users\\USER\\Documents\\AdeyemiCode\\MelaChow-Codebase\\MelaChowApi\\middleware\\auth.middleware.js","statementMap":{"0":{"start":{"line":5,"column":13},"end":{"line":50,"column":1}},"1":{"start":{"line":6,"column":2},"end":{"line":6,"column":46}},"2":{"start":{"line":6,"column":32},"end":{"line":6,"column":46}},"3":{"start":{"line":8,"column":2},"end":{"line":49,"column":3}},"4":{"start":{"line":10,"column":18},"end":{"line":10,"column":79}},"5":{"start":{"line":12,"column":4},"end":{"line":14,"column":5}},"6":{"start":{"line":13,"column":6},"end":{"line":13,"column":90}},"7":{"start":{"line":17,"column":20},"end":{"line":17,"column":47}},"8":{"start":{"line":18,"column":4},"end":{"line":23,"column":5}},"9":{"start":{"line":19,"column":6},"end":{"line":22,"column":9}},"10":{"start":{"line":26,"column":4},"end":{"line":33,"column":5}},"11":{"start":{"line":27,"column":6},"end":{"line":27,"column":58}},"12":{"start":{"line":29,"column":6},"end":{"line":31,"column":7}},"13":{"start":{"line":30,"column":8},"end":{"line":30,"column":87}},"14":{"start":{"line":32,"column":6},"end":{"line":32,"column":75}},"15":{"start":{"line":35,"column":17},"end":{"line":35,"column":68}},"16":{"start":{"line":37,"column":4},"end":{"line":39,"column":5}},"17":{"start":{"line":38,"column":6},"end":{"line":38,"column":76}},"18":{"start":{"line":41,"column":4},"end":{"line":41,"column":20}},"19":{"start":{"line":42,"column":4},"end":{"line":42,"column":28}},"20":{"start":{"line":44,"column":4},"end":{"line":44,"column":11}},"21":{"start":{"line":46,"column":4},"end":{"line":46,"column":57}},"22":{"start":{"line":48,"column":4},"end":{"line":48,"column":83}}},"fnMap":{"0":{"name":"(anonymous_0)","decl":{"start":{"line":5,"column":13},"end":{"line":5,"column":14}},"loc":{"start":{"line":5,"column":39},"end":{"line":50,"column":1}},"line":5}},"branchMap":{"0":{"loc":{"start":{"line":6,"column":2},"end":{"line":6,"column":46}},"type":"if","locations":[{"start":{"line":6,"column":2},"end":{"line":6,"column":46}},{"start":{},"end":{}}],"line":6},"1":{"loc":{"start":{"line":10,"column":18},"end":{"line":10,"column":79}},"type":"binary-expr","locations":[{"start":{"line":10,"column":18},"end":{"line":10,"column":35}},{"start":{"line":10,"column":39},"end":{"line":10,"column":79}}],"line":10},"2":{"loc":{"start":{"line":12,"column":4},"end":{"line":14,"column":5}},"type":"if","locations":[{"start":{"line":12,"column":4},"end":{"line":14,"column":5}},{"start":{},"end":{}}],"line":12},"3":{"loc":{"start":{"line":18,"column":4},"end":{"line":23,"column":5}},"type":"if","locations":[{"start":{"line":18,"column":4},"end":{"line":23,"column":5}},{"start":{},"end":{}}],"line":18},"4":{"loc":{"start":{"line":29,"column":6},"end":{"line":31,"column":7}},"type":"if","locations":[{"start":{"line":29,"column":6},"end":{"line":31,"column":7}},{"start":{},"end":{}}],"line":29},"5":{"loc":{"start":{"line":37,"column":4},"end":{"line":39,"column":5}},"type":"if","locations":[{"start":{"line":37,"column":4},"end":{"line":39,"column":5}},{"start":{},"end":{}}],"line":37}},"s":{"0":1,"1":12,"2":1,"3":11,"4":11,"5":11,"6":1,"7":10,"8":9,"9":3,"10":6,"11":6,"12":3,"13":1,"14":2,"15":3,"16":3,"17":1,"18":2,"19":2,"20":2,"21":1,"22":1},"f":{"0":12},"b":{"0":[1,11],"1":[11,2],"2":[1,10],"3":[3,6],"4":[1,2],"5":[1,2]},"inputSourceMap":null,"_coverageSchema":"1a1c01bbd47fc00a2c39e90264f33305004495a9","hash":"ec01d387927b719cc16e7344626dc14013be4b8a"}
,"C:\\Users\\USER\\Documents\\AdeyemiCode\\MelaChow-Codebase\\MelaChowApi\\middleware\\riderAuth.middleware.js": {"path":"C:\\Users\\USER\\Documents\\AdeyemiCode\\MelaChow-Codebase\\MelaChowApi\\middleware\\riderAuth.middleware.js","statementMap":{"0":{"start":{"line":5,"column":32},"end":{"line":78,"column":1}},"1":{"start":{"line":6,"column":4},"end":{"line":77,"column":5}},"2":{"start":{"line":8,"column":22},"end":{"line":8,"column":88}},"3":{"start":{"line":10,"column":8},"end":{"line":15,"column":9}},"4":{"start":{"line":11,"column":12},"end":{"line":14,"column":15}},"5":{"start":{"line":18,"column":24},"end":{"line":18,"column":51}},"6":{"start":{"line":19,"column":8},"end":{"line":24,"column":9}},"7":{"start":{"line":20,"column":12},"end":{"line":23,"column":15}},"8":{"start":{"line":27,"column":8},"end":{"line":40,"column":9}},"9":{"start":{"line":28,"column":12},"end":{"line":28,"column":64}},"10":{"start":{"line":30,"column":12},"end":{"line":35,"column":13}},"11":{"start":{"line":31,"column":16},"end":{"line":34,"column":19}},"12":{"start":{"line":36,"column":12},"end":{"line":39,"column":15}},"13":{"start":{"line":43,"column":8},"end":{"line":48,"column":9}},"14":{"start":{"line":44,"column":12},"end":{"line":47,"column":15}},"15":{"start":{"line":51,"column":24},"end":{"line":51,"column":53}},"16":{"start":{"line":53,"column":22},"end":{"line":53,"column":88}},"17":{"start":{"line":55,"column":8},"end":{"line":60,"column":9}},"18":{"start":{"line":56,"column":12},"end":{"line":59,"column":15}},"19":{"start":{"line":62,"column":8},"end":{"line":67,"column":9}},"20":{"start":{"line":63,"column":12},"end":{"line":66,"column":15}},"21":{"start":{"line":69,"column":8},"end":{"line":69,"column":26}},"22":{"start":{"line":70,"column":8},"end":{"line":70,"column":15}},"23":{"start":{"line":72,"column":8},"end":{"line":72,"column":67}},"24":{"start":{"line":73,"column":8},"end":{"line":76,"column":11}}},"fnMap":{"0":{"name":"(anonymous_0)","decl":{"start":{"line":5,"column":32},"end":{"line":5,"column":33}},"loc":{"start":{"line":5,"column":58},"end":{"line":78,"column":1}},"line":5}},"branchMap":{"0":{"loc":{"start":{"line":8,"column":22},"end":{"line":8,"column":88}},"type":"binary-expr","locations":[{"start":{"line":8,"column":22},"end":{"line":8,"column":44}},{"start":{"line":8,"column":48},"end":{"line":8,"column":88}}],"line":8},"1":{"loc":{"start":{"line":10,"column":8},"end":{"line":15,"column":9}},"type":"if","locations":[{"start":{"line":10,"column":8},"end":{"line":15,"column":9}},{"start":{},"end":{}}],"line":10},"2":{"loc":{"start":{"line":19,"column":8},"end":{"line":24,"column":9}},"type":"if","locations":[{"start":{"line":19,"column":8},"end":{"line":24,"column":9}},{"start":{},"end":{}}],"line":19},"3":{"loc":{"start":{"line":30,"column":12},"end":{"line":35,"column":13}},"type":"if","locations":[{"start":{"line":30,"column":12},"end":{"line":35,"column":13}},{"start":{},"end":{}}],"line":30},"4":{"loc":{"start":{"line":43,"column":8},"end":{"line":48,"column":9}},"type":"if","locations":[{"start":{"line":43,"column":8},"end":{"line":48,"column":9}},{"start":{},"end":{}}],"line":43},"5":{"loc":{"start":{"line":51,"column":24},"end":{"line":51,"column":53}},"type":"binary-expr","locations":[{"start":{"line":51,"column":24},"end":{"line":51,"column":34}},{"start":{"line":51,"column":38},"end":{"line":51,"column":53}}],"line":51},"6":{"loc":{"start":{"line":55,"column":8},"end":{"line":60,"column":9}},"type":"if","locations":[{"start":{"line":55,"column":8},"end":{"line":60,"column":9}},{"start":{},"end":{}}],"line":55},"7":{"loc":{"start":{"line":62,"column":8},"end":{"line":67,"column":9}},"type":"if","locations":[{"start":{"line":62,"column":8},"end":{"line":67,"column":9}},{"start":{},"end":{}}],"line":62},"8":{"loc":{"start":{"line":62,"column":12},"end":{"line":62,"column":46}},"type":"binary-expr","locations":[{"start":{"line":62,"column":12},"end":{"line":62,"column":27}},{"start":{"line":62,"column":31},"end":{"line":62,"column":46}}],"line":62}},"s":{"0":1,"1":4,"2":4,"3":4,"4":0,"5":4,"6":4,"7":1,"8":3,"9":3,"10":0,"11":0,"12":0,"13":3,"14":1,"15":2,"16":2,"17":2,"18":0,"19":2,"20":1,"21":1,"22":1,"23":0,"24":0},"f":{"0":4},"b":{"0":[4,0],"1":[0,4],"2":[1,3],"3":[0,0],"4":[1,2],"5":[2,0],"6":[0,2],"7":[1,1],"8":[2,1]},"inputSourceMap":null,"_coverageSchema":"1a1c01bbd47fc00a2c39e90264f33305004495a9","hash":"e715ba713c599d957155ba91bf5d275c4038bb48"}
,"C:\\Users\\USER\\Documents\\AdeyemiCode\\MelaChow-Codebase\\MelaChowApi\\middleware\\tokenBlocklist.js": {"path":"C:\\Users\\USER\\Documents\\AdeyemiCode\\MelaChow-Codebase\\MelaChowApi\\middleware\\tokenBlocklist.js","statementMap":{"0":{"start":{"line":3,"column":25},"end":{"line":3,"column":37}},"1":{"start":{"line":11,"column":26},"end":{"line":21,"column":1}},"2":{"start":{"line":12,"column":2},"end":{"line":20,"column":3}},"3":{"start":{"line":13,"column":16},"end":{"line":13,"column":45}},"4":{"start":{"line":14,"column":16},"end":{"line":14,"column":34}},"5":{"start":{"line":15,"column":4},"end":{"line":15,"column":25}},"6":{"start":{"line":15,"column":18},"end":{"line":15,"column":25}},"7":{"start":{"line":16,"column":4},"end":{"line":16,"column":75}},"8":{"start":{"line":18,"column":4},"end":{"line":18,"column":70}},"9":{"start":{"line":28,"column":30},"end":{"line":42,"column":1}},"10":{"start":{"line":29,"column":2},"end":{"line":41,"column":3}},"11":{"start":{"line":31,"column":4},"end":{"line":33,"column":5}},"12":{"start":{"line":32,"column":8},"end":{"line":32,"column":21}},"13":{"start":{"line":34,"column":19},"end":{"line":34,"column":71}},"14":{"start":{"line":35,"column":4},"end":{"line":35,"column":27}},"15":{"start":{"line":37,"column":4},"end":{"line":37,"column":60}},"16":{"start":{"line":40,"column":4},"end":{"line":40,"column":17}}},"fnMap":{"0":{"name":"(anonymous_0)","decl":{"start":{"line":11,"column":26},"end":{"line":11,"column":27}},"loc":{"start":{"line":11,"column":57},"end":{"line":21,"column":1}},"line":11},"1":{"name":"(anonymous_1)","decl":{"start":{"line":28,"column":30},"end":{"line":28,"column":31}},"loc":{"start":{"line":28,"column":47},"end":{"line":42,"column":1}},"line":28}},"branchMap":{"0":{"loc":{"start":{"line":15,"column":4},"end":{"line":15,"column":25}},"type":"if","locations":[{"start":{"line":15,"column":4},"end":{"line":15,"column":25}},{"start":{},"end":{}}],"line":15},"1":{"loc":{"start":{"line":31,"column":4},"end":{"line":33,"column":5}},"type":"if","locations":[{"start":{"line":31,"column":4},"end":{"line":33,"column":5}},{"start":{},"end":{}}],"line":31}},"s":{"0":1,"1":1,"2":3,"3":3,"4":3,"5":3,"6":1,"7":2,"8":1,"9":1,"10":4,"11":4,"12":1,"13":3,"14":2,"15":1,"16":1},"f":{"0":3,"1":4},"b":{"0":[1,2],"1":[1,3]},"inputSourceMap":null,"_coverageSchema":"1a1c01bbd47fc00a2c39e90264f33305004495a9","hash":"d197c1cc442661c0f2cc65a76f6c540a2f3e4789"}
,"C:\\Users\\USER\\Documents\\AdeyemiCode\\MelaChow-Codebase\\MelaChowApi\\middleware\\vendor.middleware.js": {"path":"C:\\Users\\USER\\Documents\\AdeyemiCode\\MelaChow-Codebase\\MelaChowApi\\middleware\\vendor.middleware.js","statementMap":{"0":{"start":{"line":5,"column":19},"end":{"line":73,"column":1}},"1":{"start":{"line":6,"column":2},"end":{"line":72,"column":3}},"2":{"start":{"line":8,"column":18},"end":{"line":8,"column":85}},"3":{"start":{"line":10,"column":4},"end":{"line":15,"column":5}},"4":{"start":{"line":11,"column":6},"end":{"line":14,"column":9}},"5":{"start":{"line":18,"column":20},"end":{"line":18,"column":47}},"6":{"start":{"line":19,"column":4},"end":{"line":24,"column":5}},"7":{"start":{"line":20,"column":6},"end":{"line":23,"column":9}},"8":{"start":{"line":28,"column":4},"end":{"line":41,"column":5}},"9":{"start":{"line":29,"column":6},"end":{"line":29,"column":58}},"10":{"start":{"line":31,"column":6},"end":{"line":36,"column":7}},"11":{"start":{"line":32,"column":8},"end":{"line":35,"column":11}},"12":{"start":{"line":37,"column":6},"end":{"line":40,"column":9}},"13":{"start":{"line":44,"column":19},"end":{"line":44,"column":57}},"14":{"start":{"line":46,"column":4},"end":{"line":51,"column":5}},"15":{"start":{"line":47,"column":6},"end":{"line":50,"column":9}},"16":{"start":{"line":55,"column":4},"end":{"line":60,"column":5}},"17":{"start":{"line":56,"column":6},"end":{"line":59,"column":9}},"18":{"start":{"line":63,"column":4},"end":{"line":63,"column":24}},"19":{"start":{"line":64,"column":4},"end":{"line":64,"column":11}},"20":{"start":{"line":66,"column":4},"end":{"line":66,"column":64}},"21":{"start":{"line":68,"column":4},"end":{"line":71,"column":7}}},"fnMap":{"0":{"name":"(anonymous_0)","decl":{"start":{"line":5,"column":19},"end":{"line":5,"column":20}},"loc":{"start":{"line":5,"column":45},"end":{"line":73,"column":1}},"line":5}},"branchMap":{"0":{"loc":{"start":{"line":8,"column":18},"end":{"line":8,"column":85}},"type":"binary-expr","locations":[{"start":{"line":8,"column":18},"end":{"line":8,"column":41}},{"start":{"line":8,"column":45},"end":{"line":8,"column":85}}],"line":8},"1":{"loc":{"start":{"line":10,"column":4},"end":{"line":15,"column":5}},"type":"if","locations":[{"start":{"line":10,"column":4},"end":{"line":15,"column":5}},{"start":{},"end":{}}],"line":10},"2":{"loc":{"start":{"line":19,"column":4},"end":{"line":24,"column":5}},"type":"if","locations":[{"start":{"line":19,"column":4},"end":{"line":24,"column":5}},{"start":{},"end":{}}],"line":19},"3":{"loc":{"start":{"line":31,"column":6},"end":{"line":36,"column":7}},"type":"if","locations":[{"start":{"line":31,"column":6},"end":{"line":36,"column":7}},{"start":{},"end":{}}],"line":31},"4":{"loc":{"start":{"line":46,"column":4},"end":{"line":51,"column":5}},"type":"if","locations":[{"start":{"line":46,"column":4},"end":{"line":51,"column":5}},{"start":{},"end":{}}],"line":46},"5":{"loc":{"start":{"line":55,"column":4},"end":{"line":60,"column":5}},"type":"if","locations":[{"start":{"line":55,"column":4},"end":{"line":60,"column":5}},{"start":{},"end":{}}],"line":55},"6":{"loc":{"start":{"line":55,"column":8},"end":{"line":55,"column":42}},"type":"binary-expr","locations":[{"start":{"line":55,"column":8},"end":{"line":55,"column":22}},{"start":{"line":55,"column":26},"end":{"line":55,"column":42}}],"line":55}},"s":{"0":1,"1":7,"2":7,"3":7,"4":1,"5":6,"6":6,"7":2,"8":4,"9":4,"10":1,"11":1,"12":0,"13":3,"14":3,"15":0,"16":3,"17":2,"18":1,"19":1,"20":0,"21":0},"f":{"0":7},"b":{"0":[7,2],"1":[1,6],"2":[2,4],"3":[1,0],"4":[0,3],"5":[2,1],"6":[3,2]},"inputSourceMap":null,"_coverageSchema":"1a1c01bbd47fc00a2c39e90264f33305004495a9","hash":"2f3b047c514aca53a45ac9900eb1752780df2171"}
}
