TN:
SF:config\redis.js
FN:6,(anonymous_0)
FN:19,(anonymous_1)
FN:32,(anonymous_2)
FN:33,(anonymous_3)
FN:36,(anonymous_4)
FN:39,(anonymous_5)
FN:48,(anonymous_6)
FN:57,(anonymous_7)
FN:74,(anonymous_8)
FN:97,(anonymous_9)
FN:103,(anonymous_10)
FN:107,(anonymous_11)
FNF:12
FNH:2
FNDA:0,(anonymous_0)
FNDA:2,(anonymous_1)
FNDA:3,(anonymous_2)
FNDA:0,(anonymous_3)
FNDA:0,(anonymous_4)
FNDA:0,(anonymous_5)
FNDA:0,(anonymous_6)
FNDA:0,(anonymous_7)
FNDA:0,(anonymous_8)
FNDA:0,(anonymous_9)
FNDA:0,(anonymous_10)
FNDA:0,(anonymous_11)
DA:3,1
DA:7,0
DA:10,0
DA:11,0
DA:13,0
DA:19,2
DA:21,1
DA:22,1
DA:23,1
DA:26,1
DA:32,1
DA:33,3
DA:34,0
DA:36,3
DA:37,0
DA:39,3
DA:40,0
DA:48,1
DA:49,0
DA:57,1
DA:58,0
DA:59,0
DA:60,0
DA:62,0
DA:63,0
DA:74,1
DA:75,0
DA:76,0
DA:77,0
DA:78,0
DA:79,0
DA:81,0
DA:83,0
DA:85,0
DA:86,0
DA:93,1
DA:98,0
DA:99,0
DA:103,1
DA:104,0
DA:107,1
DA:108,0
LF:42
LH:16
BRDA:7,0,0,0
BRDA:7,0,1,0
BRDA:34,1,0,0
BRDA:34,1,1,0
BRDA:34,1,2,0
BRDA:58,2,0,0
BRDA:58,2,1,0
BRDA:74,3,0,0
BRDA:75,4,0,0
BRDA:75,4,1,0
BRDA:77,5,0,0
BRDA:77,5,1,0
BRDA:78,6,0,0
BRDA:78,6,1,0
BRDA:98,7,0,0
BRDA:98,7,1,0
BRDA:104,8,0,0
BRDA:104,8,1,0
BRDA:104,8,2,0
BRF:19
BRH:0
end_of_record
TN:
SF:middleware\auth.middleware.js
FN:5,(anonymous_0)
FNF:1
FNH:1
FNDA:12,(anonymous_0)
DA:5,1
DA:6,12
DA:8,11
DA:10,11
DA:12,11
DA:13,1
DA:17,10
DA:18,9
DA:19,3
DA:26,6
DA:27,6
DA:29,3
DA:30,1
DA:32,2
DA:35,3
DA:37,3
DA:38,1
DA:41,2
DA:42,2
DA:44,2
DA:46,1
DA:48,1
LF:22
LH:22
BRDA:6,0,0,1
BRDA:6,0,1,11
BRDA:10,1,0,11
BRDA:10,1,1,2
BRDA:12,2,0,1
BRDA:12,2,1,10
BRDA:18,3,0,3
BRDA:18,3,1,6
BRDA:29,4,0,1
BRDA:29,4,1,2
BRDA:37,5,0,1
BRDA:37,5,1,2
BRF:12
BRH:12
end_of_record
TN:
SF:middleware\riderAuth.middleware.js
FN:5,(anonymous_0)
FNF:1
FNH:1
FNDA:4,(anonymous_0)
DA:5,1
DA:6,4
DA:8,4
DA:10,4
DA:11,0
DA:18,4
DA:19,4
DA:20,1
DA:27,3
DA:28,3
DA:30,0
DA:31,0
DA:36,0
DA:43,3
DA:44,1
DA:51,2
DA:53,2
DA:55,2
DA:56,0
DA:62,2
DA:63,1
DA:69,1
DA:70,1
DA:72,0
DA:73,0
LF:25
LH:18
BRDA:8,0,0,4
BRDA:8,0,1,0
BRDA:10,1,0,0
BRDA:10,1,1,4
BRDA:19,2,0,1
BRDA:19,2,1,3
BRDA:30,3,0,0
BRDA:30,3,1,0
BRDA:43,4,0,1
BRDA:43,4,1,2
BRDA:51,5,0,2
BRDA:51,5,1,0
BRDA:55,6,0,0
BRDA:55,6,1,2
BRDA:62,7,0,1
BRDA:62,7,1,1
BRDA:62,8,0,2
BRDA:62,8,1,1
BRF:18
BRH:12
end_of_record
TN:
SF:middleware\tokenBlocklist.js
FN:11,(anonymous_0)
FN:28,(anonymous_1)
FNF:2
FNH:2
FNDA:3,(anonymous_0)
FNDA:4,(anonymous_1)
DA:3,1
DA:11,1
DA:12,3
DA:13,3
DA:14,3
DA:15,3
DA:16,2
DA:18,1
DA:28,1
DA:29,4
DA:31,4
DA:32,1
DA:34,3
DA:35,2
DA:37,1
DA:40,1
LF:16
LH:16
BRDA:15,0,0,1
BRDA:15,0,1,2
BRDA:31,1,0,1
BRDA:31,1,1,3
BRF:4
BRH:4
end_of_record
TN:
SF:middleware\vendor.middleware.js
FN:5,(anonymous_0)
FNF:1
FNH:1
FNDA:7,(anonymous_0)
DA:5,1
DA:6,7
DA:8,7
DA:10,7
DA:11,1
DA:18,6
DA:19,6
DA:20,2
DA:28,4
DA:29,4
DA:31,1
DA:32,1
DA:37,0
DA:44,3
DA:46,3
DA:47,0
DA:55,3
DA:56,2
DA:63,1
DA:64,1
DA:66,0
DA:68,0
LF:22
LH:18
BRDA:8,0,0,7
BRDA:8,0,1,2
BRDA:10,1,0,1
BRDA:10,1,1,6
BRDA:19,2,0,2
BRDA:19,2,1,4
BRDA:31,3,0,1
BRDA:31,3,1,0
BRDA:46,4,0,0
BRDA:46,4,1,3
BRDA:55,5,0,2
BRDA:55,5,1,1
BRDA:55,6,0,3
BRDA:55,6,1,2
BRF:14
BRH:12
end_of_record
